<html>
<head>
<title>TestNG:  FacebookApp test</title>
<link href="../testng.css" rel="stylesheet" type="text/css" />
<link href="../my-testng.css" rel="stylesheet" type="text/css" />

<style type="text/css">
.log { display: none;} 
.stack-trace { display: none;} 
</style>
<script type="text/javascript">
<!--
function flip(e) {
  current = e.style.display;
  if (current == 'block') {
    e.style.display = 'none';
    return 0;
  }
  else {
    e.style.display = 'block';
    return 1;
  }
}

function toggleBox(szDivId, elem, msg1, msg2)
{
  var res = -1;  if (document.getElementById) {
    res = flip(document.getElementById(szDivId));
  }
  else if (document.all) {
    // this is the way old msie versions work
    res = flip(document.all[szDivId]);
  }
  if(elem) {
    if(res == 0) elem.innerHTML = msg1; else elem.innerHTML = msg2;
  }

}

function toggleAllBoxes() {
  if (document.getElementsByTagName) {
    d = document.getElementsByTagName('div');
    for (i = 0; i < d.length; i++) {
      if (d[i].className == 'log') {
        flip(d[i]);
      }
    }
  }
}

// -->
</script>

</head>
<body>
<h2 align='center'>FacebookApp test</h2><table border='1' align="center">
<tr>
<td>Tests passed/Failed/Skipped:</td><td>4/3/0</td>
</tr><tr>
<td>Started on:</td><td>Mon Dec 11 16:37:05 EET 2017</td>
</tr>
<tr><td>Total time:</td><td>6 seconds (6924 ms)</td>
</tr><tr>
<td>Included groups:</td><td></td>
</tr><tr>
<td>Excluded groups:</td><td></td>
</tr>
</table><p/>
<small><i>(Hover the method name to see the test class name)</i></small><p/>
<table width='100%' border='1' class='invocation-failed'>
<tr><td colspan='4' align='center'><b>FAILED TESTS</b></td></tr>
<tr><td><b>Test method</b></td>
<td width="30%"><b>Exception</b></td>
<td width="10%"><b>Time (seconds)</b></td>
<td><b>Instance</b></td>
</tr>
<tr>
<td title='com.testprojects.facebook.tests.FacebookRatingTest.test2()'><b>test2</b><br>Test class: com.testprojects.facebook.tests.FacebookRatingTest</td>
<td><div><pre>java.lang.AssertionError: 4 &gt; 3, 3 &gt; 2 , 2 &gt; 1 expected [true] but found [false]
	at com.testprojects.facebook.pages.FacebookGooglePlayPage.fourStarsAreMoreThan3AreMoreThan2StarsAreMoreThan1Star(FacebookGooglePlayPage.java:53)
	at com.testprojects.facebook.tests.FacebookRatingTest.test2(FacebookRatingTest.java:47)
... Removed 27 stack frames</pre></div><a href='#' onClick='toggleBox("stack-trace1528195520", this, "Click to show all stack frames", "Click to hide stack frames")'>Click to show all stack frames</a>
<div class='stack-trace' id='stack-trace1528195520'><pre>java.lang.AssertionError: 4 &gt; 3, 3 &gt; 2 , 2 &gt; 1 expected [true] but found [false]
	at org.testng.Assert.fail(Assert.java:94)
	at org.testng.Assert.failNotEquals(Assert.java:513)
	at org.testng.Assert.assertTrue(Assert.java:42)
	at com.testprojects.facebook.pages.FacebookGooglePlayPage.fourStarsAreMoreThan3AreMoreThan2StarsAreMoreThan1Star(FacebookGooglePlayPage.java:53)
	at com.testprojects.facebook.tests.FacebookRatingTest.test2(FacebookRatingTest.java:47)
	at sun.reflect.NativeMethodAccessorImpl.invoke0(Native Method)
	at sun.reflect.NativeMethodAccessorImpl.invoke(NativeMethodAccessorImpl.java:62)
	at sun.reflect.DelegatingMethodAccessorImpl.invoke(DelegatingMethodAccessorImpl.java:43)
	at java.lang.reflect.Method.invoke(Method.java:498)
	at org.testng.internal.MethodInvocationHelper.invokeMethod(MethodInvocationHelper.java:104)
	at org.testng.internal.Invoker.invokeMethod(Invoker.java:645)
	at org.testng.internal.Invoker.invokeTestMethod(Invoker.java:851)
	at org.testng.internal.Invoker.invokeTestMethods(Invoker.java:1177)
	at org.testng.internal.TestMethodWorker.invokeTestMethods(TestMethodWorker.java:129)
	at org.testng.internal.TestMethodWorker.run(TestMethodWorker.java:112)
	at org.testng.TestRunner.privateRun(TestRunner.java:756)
	at org.testng.TestRunner.run(TestRunner.java:610)
	at org.testng.SuiteRunner.runTest(SuiteRunner.java:387)
	at org.testng.SuiteRunner.runSequentially(SuiteRunner.java:382)
	at org.testng.SuiteRunner.privateRun(SuiteRunner.java:340)
	at org.testng.SuiteRunner.run(SuiteRunner.java:289)
	at org.testng.SuiteRunnerWorker.runSuite(SuiteRunnerWorker.java:52)
	at org.testng.SuiteRunnerWorker.run(SuiteRunnerWorker.java:86)
	at org.testng.TestNG.runSuitesSequentially(TestNG.java:1293)
	at org.testng.TestNG.runSuitesLocally(TestNG.java:1218)
	at org.testng.TestNG.runSuites(TestNG.java:1133)
	at org.testng.TestNG.run(TestNG.java:1104)
	at org.testng.IDEARemoteTestNG.run(IDEARemoteTestNG.java:72)
	at org.testng.RemoteTestNGStarter.main(RemoteTestNGStarter.java:123)
</pre></div></td>
<td>0</td>
<td>com.testprojects.facebook.tests.FacebookRatingTest@6ad5c04e</td></tr>
<tr>
<td title='com.testprojects.facebook.tests.FacebookRatingTest.test3()'><b>test3</b><br>Test class: com.testprojects.facebook.tests.FacebookRatingTest</td>
<td><div><pre>java.lang.AssertionError: 3 &gt; 2, 2 &gt; 1 expected [true] but found [false]
	at com.testprojects.facebook.pages.FacebookGooglePlayPage.threeStarsAreMoreThan2StarsAreMoreThan1Star(FacebookGooglePlayPage.java:63)
	at com.testprojects.facebook.tests.FacebookRatingTest.test3(FacebookRatingTest.java:56)
... Removed 27 stack frames</pre></div><a href='#' onClick='toggleBox("stack-trace539690370", this, "Click to show all stack frames", "Click to hide stack frames")'>Click to show all stack frames</a>
<div class='stack-trace' id='stack-trace539690370'><pre>java.lang.AssertionError: 3 &gt; 2, 2 &gt; 1 expected [true] but found [false]
	at org.testng.Assert.fail(Assert.java:94)
	at org.testng.Assert.failNotEquals(Assert.java:513)
	at org.testng.Assert.assertTrue(Assert.java:42)
	at com.testprojects.facebook.pages.FacebookGooglePlayPage.threeStarsAreMoreThan2StarsAreMoreThan1Star(FacebookGooglePlayPage.java:63)
	at com.testprojects.facebook.tests.FacebookRatingTest.test3(FacebookRatingTest.java:56)
	at sun.reflect.NativeMethodAccessorImpl.invoke0(Native Method)
	at sun.reflect.NativeMethodAccessorImpl.invoke(NativeMethodAccessorImpl.java:62)
	at sun.reflect.DelegatingMethodAccessorImpl.invoke(DelegatingMethodAccessorImpl.java:43)
	at java.lang.reflect.Method.invoke(Method.java:498)
	at org.testng.internal.MethodInvocationHelper.invokeMethod(MethodInvocationHelper.java:104)
	at org.testng.internal.Invoker.invokeMethod(Invoker.java:645)
	at org.testng.internal.Invoker.invokeTestMethod(Invoker.java:851)
	at org.testng.internal.Invoker.invokeTestMethods(Invoker.java:1177)
	at org.testng.internal.TestMethodWorker.invokeTestMethods(TestMethodWorker.java:129)
	at org.testng.internal.TestMethodWorker.run(TestMethodWorker.java:112)
	at org.testng.TestRunner.privateRun(TestRunner.java:756)
	at org.testng.TestRunner.run(TestRunner.java:610)
	at org.testng.SuiteRunner.runTest(SuiteRunner.java:387)
	at org.testng.SuiteRunner.runSequentially(SuiteRunner.java:382)
	at org.testng.SuiteRunner.privateRun(SuiteRunner.java:340)
	at org.testng.SuiteRunner.run(SuiteRunner.java:289)
	at org.testng.SuiteRunnerWorker.runSuite(SuiteRunnerWorker.java:52)
	at org.testng.SuiteRunnerWorker.run(SuiteRunnerWorker.java:86)
	at org.testng.TestNG.runSuitesSequentially(TestNG.java:1293)
	at org.testng.TestNG.runSuitesLocally(TestNG.java:1218)
	at org.testng.TestNG.runSuites(TestNG.java:1133)
	at org.testng.TestNG.run(TestNG.java:1104)
	at org.testng.IDEARemoteTestNG.run(IDEARemoteTestNG.java:72)
	at org.testng.RemoteTestNGStarter.main(RemoteTestNGStarter.java:123)
</pre></div></td>
<td>0</td>
<td>com.testprojects.facebook.tests.FacebookRatingTest@6ad5c04e</td></tr>
<tr>
<td title='com.testprojects.facebook.tests.FacebookRatingTest.test4()'><b>test4</b><br>Test class: com.testprojects.facebook.tests.FacebookRatingTest</td>
<td><div><pre>java.lang.AssertionError: 2 stars should be more than 1 star expected [true] but found [false]
	at com.testprojects.facebook.pages.FacebookGooglePlayPage.twoStarsAreMoreThanOneStar(FacebookGooglePlayPage.java:70)
	at com.testprojects.facebook.tests.FacebookRatingTest.test4(FacebookRatingTest.java:65)
... Removed 27 stack frames</pre></div><a href='#' onClick='toggleBox("stack-trace1715248762", this, "Click to show all stack frames", "Click to hide stack frames")'>Click to show all stack frames</a>
<div class='stack-trace' id='stack-trace1715248762'><pre>java.lang.AssertionError: 2 stars should be more than 1 star expected [true] but found [false]
	at org.testng.Assert.fail(Assert.java:94)
	at org.testng.Assert.failNotEquals(Assert.java:513)
	at org.testng.Assert.assertTrue(Assert.java:42)
	at com.testprojects.facebook.pages.FacebookGooglePlayPage.twoStarsAreMoreThanOneStar(FacebookGooglePlayPage.java:70)
	at com.testprojects.facebook.tests.FacebookRatingTest.test4(FacebookRatingTest.java:65)
	at sun.reflect.NativeMethodAccessorImpl.invoke0(Native Method)
	at sun.reflect.NativeMethodAccessorImpl.invoke(NativeMethodAccessorImpl.java:62)
	at sun.reflect.DelegatingMethodAccessorImpl.invoke(DelegatingMethodAccessorImpl.java:43)
	at java.lang.reflect.Method.invoke(Method.java:498)
	at org.testng.internal.MethodInvocationHelper.invokeMethod(MethodInvocationHelper.java:104)
	at org.testng.internal.Invoker.invokeMethod(Invoker.java:645)
	at org.testng.internal.Invoker.invokeTestMethod(Invoker.java:851)
	at org.testng.internal.Invoker.invokeTestMethods(Invoker.java:1177)
	at org.testng.internal.TestMethodWorker.invokeTestMethods(TestMethodWorker.java:129)
	at org.testng.internal.TestMethodWorker.run(TestMethodWorker.java:112)
	at org.testng.TestRunner.privateRun(TestRunner.java:756)
	at org.testng.TestRunner.run(TestRunner.java:610)
	at org.testng.SuiteRunner.runTest(SuiteRunner.java:387)
	at org.testng.SuiteRunner.runSequentially(SuiteRunner.java:382)
	at org.testng.SuiteRunner.privateRun(SuiteRunner.java:340)
	at org.testng.SuiteRunner.run(SuiteRunner.java:289)
	at org.testng.SuiteRunnerWorker.runSuite(SuiteRunnerWorker.java:52)
	at org.testng.SuiteRunnerWorker.run(SuiteRunnerWorker.java:86)
	at org.testng.TestNG.runSuitesSequentially(TestNG.java:1293)
	at org.testng.TestNG.runSuitesLocally(TestNG.java:1218)
	at org.testng.TestNG.runSuites(TestNG.java:1133)
	at org.testng.TestNG.run(TestNG.java:1104)
	at org.testng.IDEARemoteTestNG.run(IDEARemoteTestNG.java:72)
	at org.testng.RemoteTestNGStarter.main(RemoteTestNGStarter.java:123)
</pre></div></td>
<td>0</td>
<td>com.testprojects.facebook.tests.FacebookRatingTest@6ad5c04e</td></tr>
</table><p>
<table width='100%' border='1' class='invocation-passed'>
<tr><td colspan='4' align='center'><b>PASSED TESTS</b></td></tr>
<tr><td><b>Test method</b></td>
<td width="30%"><b>Exception</b></td>
<td width="10%"><b>Time (seconds)</b></td>
<td><b>Instance</b></td>
</tr>
<tr>
<td title='com.testprojects.facebook.tests.FacebookRatingTest.clickOnSearchResult()'><b>clickOnSearchResult</b><br>Test class: com.testprojects.facebook.tests.FacebookRatingTest</td>
<td></td>
<td>3</td>
<td>com.testprojects.facebook.tests.FacebookRatingTest@6ad5c04e</td></tr>
<tr>
<td title='com.testprojects.facebook.tests.FacebookRatingTest.searchOnGoogle()'><b>searchOnGoogle</b><br>Test class: com.testprojects.facebook.tests.FacebookRatingTest</td>
<td></td>
<td>2</td>
<td>com.testprojects.facebook.tests.FacebookRatingTest@6ad5c04e</td></tr>
<tr>
<td title='com.testprojects.facebook.tests.FacebookRatingTest.test1()'><b>test1</b><br>Test class: com.testprojects.facebook.tests.FacebookRatingTest</td>
<td></td>
<td>0</td>
<td>com.testprojects.facebook.tests.FacebookRatingTest@6ad5c04e</td></tr>
<tr>
<td title='com.testprojects.facebook.tests.FacebookRatingTest.test5()'><b>test5</b><br>Test class: com.testprojects.facebook.tests.FacebookRatingTest</td>
<td></td>
<td>0</td>
<td>com.testprojects.facebook.tests.FacebookRatingTest@6ad5c04e</td></tr>
</table><p>
</body>
</html>