<?xml version="1.0" encoding="UTF-8"?>
<!-- Generated by org.testng.reporters.JUnitXMLReporter -->
<testsuite hostname="sebastian-thinkpad-t530" ignored="0" name="FacebookApp test" tests="7" failures="3" timestamp="11 Dec 2017 14:37:12 GMT" time="6.924" errors="0">
  <testcase name="searchOnGoogle" time="2.218" classname="com.testprojects.facebook.tests.FacebookRatingTest"/>
  <testcase name="clickOnSearchResult" time="3.28" classname="com.testprojects.facebook.tests.FacebookRatingTest"/>
  <testcase name="test1" time="0.443" classname="com.testprojects.facebook.tests.FacebookRatingTest"/>
  <testcase name="test2" time="0.1" classname="com.testprojects.facebook.tests.FacebookRatingTest">
    <failure type="java.lang.AssertionError" message="4 &amp;gt; 3, 3 &amp;gt; 2 , 2 &amp;gt; 1 expected [true] but found [false]">
      <![CDATA[java.lang.AssertionError: 4 > 3, 3 > 2 , 2 > 1 expected [true] but found [false]
	at com.testprojects.facebook.pages.FacebookGooglePlayPage.fourStarsAreMoreThan3AreMoreThan2StarsAreMoreThan1Star(FacebookGooglePlayPage.java:53)
	at com.testprojects.facebook.tests.FacebookRatingTest.test2(FacebookRatingTest.java:47)
... Removed 27 stack frames]]>
    </failure>
  </testcase> <!-- test2 -->
  <testcase name="test3" time="0.065" classname="com.testprojects.facebook.tests.FacebookRatingTest">
    <failure type="java.lang.AssertionError" message="3 &amp;gt; 2, 2 &amp;gt; 1 expected [true] but found [false]">
      <![CDATA[java.lang.AssertionError: 3 > 2, 2 > 1 expected [true] but found [false]
	at com.testprojects.facebook.pages.FacebookGooglePlayPage.threeStarsAreMoreThan2StarsAreMoreThan1Star(FacebookGooglePlayPage.java:63)
	at com.testprojects.facebook.tests.FacebookRatingTest.test3(FacebookRatingTest.java:56)
... Removed 27 stack frames]]>
    </failure>
  </testcase> <!-- test3 -->
  <testcase name="test4" time="0.048" classname="com.testprojects.facebook.tests.FacebookRatingTest">
    <failure type="java.lang.AssertionError" message="2 stars should be more than 1 star expected [true] but found [false]">
      <![CDATA[java.lang.AssertionError: 2 stars should be more than 1 star expected [true] but found [false]
	at com.testprojects.facebook.pages.FacebookGooglePlayPage.twoStarsAreMoreThanOneStar(FacebookGooglePlayPage.java:70)
	at com.testprojects.facebook.tests.FacebookRatingTest.test4(FacebookRatingTest.java:65)
... Removed 27 stack frames]]>
    </failure>
  </testcase> <!-- test4 -->
  <testcase name="test5" time="0.061" classname="com.testprojects.facebook.tests.FacebookRatingTest"/>
</testsuite> <!-- FacebookApp test -->
