<!DOCTYPE html PUBLIC "-//W3C//DTD XHTML 1.1//EN" "http://www.w3.org/TR/xhtml11/DTD/xhtml11.dtd">
<html xmlns="http://www.w3.org/1999/xhtml"><head><title>TestNG Report</title><style type="text/css">table {margin-bottom:10px;border-collapse:collapse;empty-cells:show}th,td {border:1px solid #009;padding:.25em .5em}th {vertical-align:bottom}td {vertical-align:top}table a {font-weight:bold}.stripe td {background-color: #E6EBF9}.num {text-align:right}.passedodd td {background-color: #3F3}.passedeven td {background-color: #0A0}.skippedodd td {background-color: #DDD}.skippedeven td {background-color: #CCC}.failedodd td,.attn {background-color: #F33}.failedeven td,.stripe .attn {background-color: #D00}.stacktrace {white-space:pre;font-family:monospace}.totop {font-size:85%;text-align:center;border-bottom:2px solid #000}</style></head><body><table><tr><th>Test</th><th># Passed</th><th># Skipped</th><th># Failed</th><th>Time (ms)</th><th>Included Groups</th><th>Excluded Groups</th></tr><tr><th colspan="7">FacebookApp Suite</th></tr><tr><td><a href="#t0">FacebookApp test</a></td><td class="num">4</td><td class="num">0</td><td class="num attn">3</td><td class="num">6,924</td><td></td><td></td></tr></table><table><thead><tr><th>Class</th><th>Method</th><th>Start</th><th>Time (ms)</th></tr></thead><tbody><tr><th colspan="4">FacebookApp Suite</th></tr></tbody><tbody id="t0"><tr><th colspan="4">FacebookApp test &#8212; failed</th></tr><tr class="failedeven"><td rowspan="3">com.testprojects.facebook.tests.FacebookRatingTest</td><td><a href="#m0">test2</a></td><td rowspan="1">1513003031906</td><td rowspan="1">100</td></tr><tr class="failedeven"><td><a href="#m1">test3</a></td><td rowspan="1">1513003032013</td><td rowspan="1">65</td></tr><tr class="failedeven"><td><a href="#m2">test4</a></td><td rowspan="1">1513003032079</td><td rowspan="1">48</td></tr><tr><th colspan="4">FacebookApp test &#8212; passed</th></tr><tr class="passedeven"><td rowspan="4">com.testprojects.facebook.tests.FacebookRatingTest</td><td><a href="#m3">clickOnSearchResult</a></td><td rowspan="1">1513003028182</td><td rowspan="1">3280</td></tr><tr class="passedeven"><td><a href="#m4">searchOnGoogle</a></td><td rowspan="1">1513003025960</td><td rowspan="1">2218</td></tr><tr class="passedeven"><td><a href="#m5">test1</a></td><td rowspan="1">1513003031463</td><td rowspan="1">443</td></tr><tr class="passedeven"><td><a href="#m6">test5</a></td><td rowspan="1">1513003032128</td><td rowspan="1">61</td></tr></tbody></table><h2>FacebookApp test</h2><h3 id="m0">com.testprojects.facebook.tests.FacebookRatingTest#test2</h3><table class="result"><tr><th>Exception</th></tr><tr><td><div class="stacktrace">java.lang.AssertionError: 4 &gt; 3, 3 &gt; 2 , 2 &gt; 1 expected [true] but found [false]
	at com.testprojects.facebook.pages.FacebookGooglePlayPage.fourStarsAreMoreThan3AreMoreThan2StarsAreMoreThan1Star(FacebookGooglePlayPage.java:53)
	at com.testprojects.facebook.tests.FacebookRatingTest.test2(FacebookRatingTest.java:47)
... Removed 27 stack frames</div></td></tr></table><p class="totop"><a href="#summary">back to summary</a></p><h3 id="m1">com.testprojects.facebook.tests.FacebookRatingTest#test3</h3><table class="result"><tr><th>Exception</th></tr><tr><td><div class="stacktrace">java.lang.AssertionError: 3 &gt; 2, 2 &gt; 1 expected [true] but found [false]
	at com.testprojects.facebook.pages.FacebookGooglePlayPage.threeStarsAreMoreThan2StarsAreMoreThan1Star(FacebookGooglePlayPage.java:63)
	at com.testprojects.facebook.tests.FacebookRatingTest.test3(FacebookRatingTest.java:56)
... Removed 27 stack frames</div></td></tr></table><p class="totop"><a href="#summary">back to summary</a></p><h3 id="m2">com.testprojects.facebook.tests.FacebookRatingTest#test4</h3><table class="result"><tr><th>Exception</th></tr><tr><td><div class="stacktrace">java.lang.AssertionError: 2 stars should be more than 1 star expected [true] but found [false]
	at com.testprojects.facebook.pages.FacebookGooglePlayPage.twoStarsAreMoreThanOneStar(FacebookGooglePlayPage.java:70)
	at com.testprojects.facebook.tests.FacebookRatingTest.test4(FacebookRatingTest.java:65)
... Removed 27 stack frames</div></td></tr></table><p class="totop"><a href="#summary">back to summary</a></p><h3 id="m3">com.testprojects.facebook.tests.FacebookRatingTest#clickOnSearchResult</h3><table class="result"></table><p class="totop"><a href="#summary">back to summary</a></p><h3 id="m4">com.testprojects.facebook.tests.FacebookRatingTest#searchOnGoogle</h3><table class="result"></table><p class="totop"><a href="#summary">back to summary</a></p><h3 id="m5">com.testprojects.facebook.tests.FacebookRatingTest#test1</h3><table class="result"></table><p class="totop"><a href="#summary">back to summary</a></p><h3 id="m6">com.testprojects.facebook.tests.FacebookRatingTest#test5</h3><table class="result"></table><p class="totop"><a href="#summary">back to summary</a></p></body></html>